# JRE version: Java(TM) SE Runtime Environment (8.0_161-b12) (build 1.8.0_161-b12)
# Java VM: Java HotSpot(TM) 64-Bit Server VM (25.161-b12 mixed mode linux-amd64 compressed oops)
Heap:
 PSYoungGen      total 225792K, used 69546K [0x00000000f0000000, 0x0000000100000000, 0x0000000100000000)
  eden space 187392K, 28% used [0x00000000f0000000,0x00000000f3429988,0x00000000fb700000)
  from space 38400K, 42% used [0x00000000fda80000,0x00000000fea410e8,0x0000000100000000)
  to   space 36352K, 0% used [0x00000000fb700000,0x00000000fb700000,0x00000000fda80000)
 ParOldGen       total 524288K, used 112451K [0x00000000d0000000, 0x00000000f0000000, 0x00000000f0000000)
  object space 524288K, 21% used [0x00000000d0000000,0x00000000d6dd0e30,0x00000000f0000000)
 Metaspace       used 77375K, capacity 83080K, committed 83328K, reserved 1120256K
  class space    used 10134K, capacity 11879K, committed 11904K, reserved 1048576K
GC Heap History (10 events):
Event: 3416,263 GC heap before
{Heap before GC invocations=43 (full 3):
 PSYoungGen      total 222720K, used 195618K [0x00000000f0000000, 0x0000000100000000, 0x0000000100000000)
  eden space 183808K, 100% used [0x00000000f0000000,0x00000000fb380000,0x00000000fb380000)
  from space 38912K, 30% used [0x00000000fb380000,0x00000000fbf08a68,0x00000000fd980000)
  to   space 38912K, 0% used [0x00000000fda00000,0x00000000fda00000,0x0000000100000000)
 ParOldGen       total 524288K, used 106422K [0x00000000d0000000, 0x00000000f0000000, 0x00000000f0000000)
  object space 524288K, 20% used [0x00000000d0000000,0x00000000d67ed940,0x00000000f0000000)
 Metaspace       used 75449K, capacity 81002K, committed 81152K, reserved 1118208K
  class space    used 9976K, capacity 11720K, committed 11776K, reserved 1048576K
Event: 3416,270 GC heap after
Heap after GC invocations=43 (full 3):
 PSYoungGen      total 223232K, used 11042K [0x00000000f0000000, 0x0000000100000000, 0x0000000100000000)
  eden space 184320K, 0% used [0x00000000f0000000,0x00000000f0000000,0x00000000fb400000)
  from space 38912K, 28% used [0x00000000fda00000,0x00000000fe4c8ae8,0x0000000100000000)
  to   space 38912K, 0% used [0x00000000fb400000,0x00000000fb400000,0x00000000fda00000)
 ParOldGen       total 524288K, used 107935K [0x00000000d0000000, 0x00000000f0000000, 0x00000000f0000000)
  object space 524288K, 20% used [0x00000000d0000000,0x00000000d6967fe8,0x00000000f0000000)
 Metaspace       used 75449K, capacity 81002K, committed 81152K, reserved 1118208K
  class space    used 9976K, capacity 11720K, committed 11776K, reserved 1048576K
}
Event: 3440,755 GC heap before
{Heap before GC invocations=44 (full 3):
 PSYoungGen      total 223232K, used 195160K [0x00000000f0000000, 0x0000000100000000, 0x0000000100000000)
  eden space 184320K, 99% used [0x00000000f0000000,0x00000000fb3cd770,0x00000000fb400000)
  from space 38912K, 28% used [0x00000000fda00000,0x00000000fe4c8ae8,0x0000000100000000)
  to   space 38912K, 0% used [0x00000000fb400000,0x00000000fb400000,0x00000000fda00000)
 ParOldGen       total 524288K, used 107935K [0x00000000d0000000, 0x00000000f0000000, 0x00000000f0000000)
  object space 524288K, 20% used [0x00000000d0000000,0x00000000d6967fe8,0x00000000f0000000)
 Metaspace       used 75786K, capacity 81352K, committed 81408K, reserved 1118208K
  class space    used 9991K, capacity 11725K, committed 11776K, reserved 1048576K
Event: 3440,761 GC heap after
Heap after GC invocations=44 (full 3):
 PSYoungGen      total 223232K, used 9345K [0x00000000f0000000, 0x0000000100000000, 0x0000000100000000)
  eden space 184320K, 0% used [0x00000000f0000000,0x00000000f0000000,0x00000000fb400000)
  from space 38912K, 24% used [0x00000000fb400000,0x00000000fbd205f0,0x00000000fda00000)
  to   space 38912K, 0% used [0x00000000fda00000,0x00000000fda00000,0x0000000100000000)
 ParOldGen       total 524288K, used 110458K [0x00000000d0000000, 0x00000000f0000000, 0x00000000f0000000)
  object space 524288K, 21% used [0x00000000d0000000,0x00000000d6bde828,0x00000000f0000000)
 Metaspace       used 75786K, capacity 81352K, committed 81408K, reserved 1118208K
  class space    used 9991K, capacity 11725K, committed 11776K, reserved 1048576K
}
Event: 3489,800 GC heap before
{Heap before GC invocations=45 (full 3):
 PSYoungGen      total 223232K, used 193665K [0x00000000f0000000, 0x0000000100000000, 0x0000000100000000)
  eden space 184320K, 100% used [0x00000000f0000000,0x00000000fb400000,0x00000000fb400000)
  from space 38912K, 24% used [0x00000000fb400000,0x00000000fbd205f0,0x00000000fda00000)
  to   space 38912K, 0% used [0x00000000fda00000,0x00000000fda00000,0x0000000100000000)
 ParOldGen       total 524288K, used 110458K [0x00000000d0000000, 0x00000000f0000000, 0x00000000f0000000)
  object space 524288K, 21% used [0x00000000d0000000,0x00000000d6bde828,0x00000000f0000000)
 Metaspace       used 75957K, capacity 81498K, committed 81664K, reserved 1120256K
  class space    used 9999K, capacity 11728K, committed 11776K, reserved 1048576K
Event: 3489,806 GC heap after
Heap after GC invocations=45 (full 3):
 PSYoungGen      total 223232K, used 8074K [0x00000000f0000000, 0x0000000100000000, 0x0000000100000000)
  eden space 184320K, 0% used [0x00000000f0000000,0x00000000f0000000,0x00000000fb400000)
  from space 38912K, 20% used [0x00000000fda00000,0x00000000fe1e28c8,0x0000000100000000)
  to   space 38912K, 0% used [0x00000000fb400000,0x00000000fb400000,0x00000000fda00000)
 ParOldGen       total 524288K, used 110754K [0x00000000d0000000, 0x00000000f0000000, 0x00000000f0000000)
  object space 524288K, 21% used [0x00000000d0000000,0x00000000d6c28828,0x00000000f0000000)
 Metaspace       used 75957K, capacity 81498K, committed 81664K, reserved 1120256K
  class space    used 9999K, capacity 11728K, committed 11776K, reserved 1048576K
}
Event: 3566,155 GC heap before
{Heap before GC invocations=46 (full 3):
 PSYoungGen      total 223232K, used 192394K [0x00000000f0000000, 0x0000000100000000, 0x0000000100000000)
  eden space 184320K, 100% used [0x00000000f0000000,0x00000000fb400000,0x00000000fb400000)
  from space 38912K, 20% used [0x00000000fda00000,0x00000000fe1e28c8,0x0000000100000000)
  to   space 38912K, 0% used [0x00000000fb400000,0x00000000fb400000,0x00000000fda00000)
 ParOldGen       total 524288K, used 110754K [0x00000000d0000000, 0x00000000f0000000, 0x00000000f0000000)
  object space 524288K, 21% used [0x00000000d0000000,0x00000000d6c28828,0x00000000f0000000)
 Metaspace       used 76295K, capacity 81944K, committed 82176K, reserved 1120256K
  class space    used 10020K, capacity 11769K, committed 11776K, reserved 1048576K
Event: 3566,160 GC heap after
Heap after GC invocations=46 (full 3):
 PSYoungGen      total 223232K, used 7970K [0x00000000f0000000, 0x0000000100000000, 0x0000000100000000)
  eden space 184320K, 0% used [0x00000000f0000000,0x00000000f0000000,0x00000000fb400000)
  from space 38912K, 20% used [0x00000000fb400000,0x00000000fbbc8aa8,0x00000000fda00000)
  to   space 38400K, 0% used [0x00000000fda80000,0x00000000fda80000,0x0000000100000000)
 ParOldGen       total 524288K, used 112211K [0x00000000d0000000, 0x00000000f0000000, 0x00000000f0000000)
  object space 524288K, 21% used [0x00000000d0000000,0x00000000d6d94e30,0x00000000f0000000)
 Metaspace       used 76295K, capacity 81944K, committed 82176K, reserved 1120256K
  class space    used 10020K, capacity 11769K, committed 11776K, reserved 1048576K
}
Event: 3770,123 GC heap before
{Heap before GC invocations=47 (full 3):
 PSYoungGen      total 223232K, used 192290K [0x00000000f0000000, 0x0000000100000000, 0x0000000100000000)
  eden space 184320K, 100% used [0x00000000f0000000,0x00000000fb400000,0x00000000fb400000)
  from space 38912K, 20% used [0x00000000fb400000,0x00000000fbbc8aa8,0x00000000fda00000)
  to   space 38400K, 0% used [0x00000000fda80000,0x00000000fda80000,0x0000000100000000)
 ParOldGen       total 524288K, used 112211K [0x00000000d0000000, 0x00000000f0000000, 0x00000000f0000000)
  object space 524288K, 21% used [0x00000000d0000000,0x00000000d6d94e30,0x00000000f0000000)
 Metaspace       used 77119K, capacity 82820K, committed 83072K, reserved 1120256K
  class space    used 10100K, capacity 11835K, committed 11904K, reserved 1048576K
Event: 3770,133 GC heap after
Heap after GC invocations=47 (full 3):
 PSYoungGen      total 225792K, used 16132K [0x00000000f0000000, 0x0000000100000000, 0x0000000100000000)
  eden space 187392K, 0% used [0x00000000f0000000,0x00000000f0000000,0x00000000fb700000)
  from space 38400K, 42% used [0x00000000fda80000,0x00000000fea410e8,0x0000000100000000)
  to   space 36352K, 0% used [0x00000000fb700000,0x00000000fb700000,0x00000000fda80000)
 ParOldGen       total 524288K, used 112451K [0x00000000d0000000, 0x00000000f0000000, 0x00000000f0000000)
  object space 524288K, 21% used [0x00000000d0000000,0x00000000d6dd0e30,0x00000000f0000000)
 Metaspace       used 77119K, capacity 82820K, committed 83072K, reserved 1120256K
  class space    used 10100K, capacity 11835K, committed 11904K, reserved 1048576K
}

