# JRE version: Java(TM) SE Runtime Environment (8.0_161-b12) (build 1.8.0_161-b12)
# Java VM: Java HotSpot(TM) 64-Bit Server VM (25.161-b12 mixed mode linux-amd64 compressed oops)
Heap:
 PSYoungGen      total 211968K, used 48264K [0x00000000f0000000, 0x0000000100000000, 0x0000000100000000)
  eden space 161280K, 19% used [0x00000000f0000000,0x00000000f1e49458,0x00000000f9d80000)
  from space 50688K, 34% used [0x00000000fce80000,0x00000000fdf58e68,0x0000000100000000)
  to   space 50176K, 0% used [0x00000000f9d80000,0x00000000f9d80000,0x00000000fce80000)
 ParOldGen       total 524288K, used 109707K [0x00000000d0000000, 0x00000000f0000000, 0x00000000f0000000)
  object space 524288K, 20% used [0x00000000d0000000,0x00000000d6b22ef8,0x00000000f0000000)
 Metaspace       used 72962K, capacity 78330K, committed 78464K, reserved 1116160K
  class space    used 9613K, capacity 11027K, committed 11136K, reserved 1048576K
GC Heap History (10 events):
Event: 377,529 GC heap before
{Heap before GC invocations=39 (full 3):
 PSYoungGen      total 187392K, used 187336K [0x00000000f0000000, 0x0000000100000000, 0x0000000100000000)
  eden space 150016K, 100% used [0x00000000f0000000,0x00000000f9280000,0x00000000f9280000)
  from space 37376K, 99% used [0x00000000f9400000,0x00000000fb872230,0x00000000fb880000)
  to   space 56320K, 0% used [0x00000000fc900000,0x00000000fc900000,0x0000000100000000)
 ParOldGen       total 524288K, used 88732K [0x00000000d0000000, 0x00000000f0000000, 0x00000000f0000000)
  object space 524288K, 16% used [0x00000000d0000000,0x00000000d56a7088,0x00000000f0000000)
 Metaspace       used 72176K, capacity 77320K, committed 77568K, reserved 1116160K
  class space    used 9544K, capacity 10922K, committed 11008K, reserved 1048576K
Event: 377,540 GC heap after
Heap after GC invocations=39 (full 3):
 PSYoungGen      total 207360K, used 32648K [0x00000000f0000000, 0x0000000100000000, 0x0000000100000000)
  eden space 151040K, 0% used [0x00000000f0000000,0x00000000f0000000,0x00000000f9380000)
  from space 56320K, 57% used [0x00000000fc900000,0x00000000fe8e2260,0x0000000100000000)
  to   space 54784K, 0% used [0x00000000f9380000,0x00000000f9380000,0x00000000fc900000)
 ParOldGen       total 524288K, used 93716K [0x00000000d0000000, 0x00000000f0000000, 0x00000000f0000000)
  object space 524288K, 17% used [0x00000000d0000000,0x00000000d5b85258,0x00000000f0000000)
 Metaspace       used 72176K, capacity 77320K, committed 77568K, reserved 1116160K
  class space    used 9544K, capacity 10922K, committed 11008K, reserved 1048576K
}
Event: 378,089 GC heap before
{Heap before GC invocations=40 (full 3):
 PSYoungGen      total 207360K, used 183688K [0x00000000f0000000, 0x0000000100000000, 0x0000000100000000)
  eden space 151040K, 100% used [0x00000000f0000000,0x00000000f9380000,0x00000000f9380000)
  from space 56320K, 57% used [0x00000000fc900000,0x00000000fe8e2260,0x0000000100000000)
  to   space 54784K, 0% used [0x00000000f9380000,0x00000000f9380000,0x00000000fc900000)
 ParOldGen       total 524288K, used 93716K [0x00000000d0000000, 0x00000000f0000000, 0x00000000f0000000)
  object space 524288K, 17% used [0x00000000d0000000,0x00000000d5b85258,0x00000000f0000000)
 Metaspace       used 72186K, capacity 77338K, committed 77568K, reserved 1116160K
  class space    used 9545K, capacity 10925K, committed 11008K, reserved 1048576K
Event: 378,099 GC heap after
Heap after GC invocations=40 (full 3):
 PSYoungGen      total 205824K, used 27811K [0x00000000f0000000, 0x0000000100000000, 0x0000000100000000)
  eden space 151040K, 0% used [0x00000000f0000000,0x00000000f0000000,0x00000000f9380000)
  from space 54784K, 50% used [0x00000000f9380000,0x00000000faea8dd8,0x00000000fc900000)
  to   space 52736K, 0% used [0x00000000fcc80000,0x00000000fcc80000,0x0000000100000000)
 ParOldGen       total 524288K, used 98637K [0x00000000d0000000, 0x00000000f0000000, 0x00000000f0000000)
  object space 524288K, 18% used [0x00000000d0000000,0x00000000d6053788,0x00000000f0000000)
 Metaspace       used 72186K, capacity 77338K, committed 77568K, reserved 1116160K
  class space    used 9545K, capacity 10925K, committed 11008K, reserved 1048576K
}
Event: 497,067 GC heap before
{Heap before GC invocations=41 (full 3):
 PSYoungGen      total 205824K, used 178851K [0x00000000f0000000, 0x0000000100000000, 0x0000000100000000)
  eden space 151040K, 100% used [0x00000000f0000000,0x00000000f9380000,0x00000000f9380000)
  from space 54784K, 50% used [0x00000000f9380000,0x00000000faea8dd8,0x00000000fc900000)
  to   space 52736K, 0% used [0x00000000fcc80000,0x00000000fcc80000,0x0000000100000000)
 ParOldGen       total 524288K, used 98637K [0x00000000d0000000, 0x00000000f0000000, 0x00000000f0000000)
  object space 524288K, 18% used [0x00000000d0000000,0x00000000d6053788,0x00000000f0000000)
 Metaspace       used 72540K, capacity 77704K, committed 77824K, reserved 1116160K
  class space    used 9568K, capacity 10972K, committed 11008K, reserved 1048576K
Event: 497,081 GC heap after
Heap after GC invocations=41 (full 3):
 PSYoungGen      total 210944K, used 22851K [0x00000000f0000000, 0x0000000100000000, 0x0000000100000000)
  eden space 158208K, 0% used [0x00000000f0000000,0x00000000f0000000,0x00000000f9a80000)
  from space 52736K, 43% used [0x00000000fcc80000,0x00000000fe2d0f38,0x0000000100000000)
  to   space 51200K, 0% used [0x00000000f9a80000,0x00000000f9a80000,0x00000000fcc80000)
 ParOldGen       total 524288K, used 103992K [0x00000000d0000000, 0x00000000f0000000, 0x00000000f0000000)
  object space 524288K, 19% used [0x00000000d0000000,0x00000000d658e328,0x00000000f0000000)
 Metaspace       used 72540K, capacity 77704K, committed 77824K, reserved 1116160K
  class space    used 9568K, capacity 10972K, committed 11008K, reserved 1048576K
}
Event: 510,886 GC heap before
{Heap before GC invocations=42 (full 3):
 PSYoungGen      total 210944K, used 181059K [0x00000000f0000000, 0x0000000100000000, 0x0000000100000000)
  eden space 158208K, 100% used [0x00000000f0000000,0x00000000f9a80000,0x00000000f9a80000)
  from space 52736K, 43% used [0x00000000fcc80000,0x00000000fe2d0f38,0x0000000100000000)
  to   space 51200K, 0% used [0x00000000f9a80000,0x00000000f9a80000,0x00000000fcc80000)
 ParOldGen       total 524288K, used 103992K [0x00000000d0000000, 0x00000000f0000000, 0x00000000f0000000)
  object space 524288K, 19% used [0x00000000d0000000,0x00000000d658e328,0x00000000f0000000)
 Metaspace       used 72625K, capacity 77938K, committed 78208K, reserved 1116160K
  class space    used 9590K, capacity 11011K, committed 11136K, reserved 1048576K
Event: 510,894 GC heap after
Heap after GC invocations=42 (full 3):
 PSYoungGen      total 209408K, used 19363K [0x00000000f0000000, 0x0000000100000000, 0x0000000100000000)
  eden space 158208K, 0% used [0x00000000f0000000,0x00000000f0000000,0x00000000f9a80000)
  from space 51200K, 37% used [0x00000000f9a80000,0x00000000fad68f38,0x00000000fcc80000)
  to   space 50688K, 0% used [0x00000000fce80000,0x00000000fce80000,0x0000000100000000)
 ParOldGen       total 524288K, used 107545K [0x00000000d0000000, 0x00000000f0000000, 0x00000000f0000000)
  object space 524288K, 20% used [0x00000000d0000000,0x00000000d6906480,0x00000000f0000000)
 Metaspace       used 72625K, capacity 77938K, committed 78208K, reserved 1116160K
  class space    used 9590K, capacity 11011K, committed 11136K, reserved 1048576K
}
Event: 526,291 GC heap before
{Heap before GC invocations=43 (full 3):
 PSYoungGen      total 209408K, used 177571K [0x00000000f0000000, 0x0000000100000000, 0x0000000100000000)
  eden space 158208K, 100% used [0x00000000f0000000,0x00000000f9a80000,0x00000000f9a80000)
  from space 51200K, 37% used [0x00000000f9a80000,0x00000000fad68f38,0x00000000fcc80000)
  to   space 50688K, 0% used [0x00000000fce80000,0x00000000fce80000,0x0000000100000000)
 ParOldGen       total 524288K, used 107545K [0x00000000d0000000, 0x00000000f0000000, 0x00000000f0000000)
  object space 524288K, 20% used [0x00000000d0000000,0x00000000d6906480,0x00000000f0000000)
 Metaspace       used 72942K, capacity 78224K, committed 78464K, reserved 1116160K
  class space    used 9607K, capacity 11018K, committed 11136K, reserved 1048576K
Event: 526,301 GC heap after
Heap after GC invocations=43 (full 3):
 PSYoungGen      total 211968K, used 17251K [0x00000000f0000000, 0x0000000100000000, 0x0000000100000000)
  eden space 161280K, 0% used [0x00000000f0000000,0x00000000f0000000,0x00000000f9d80000)
  from space 50688K, 34% used [0x00000000fce80000,0x00000000fdf58e68,0x0000000100000000)
  to   space 50176K, 0% used [0x00000000f9d80000,0x00000000f9d80000,0x00000000fce80000)
 ParOldGen       total 524288K, used 109707K [0x00000000d0000000, 0x00000000f0000000, 0x00000000f0000000)
  object space 524288K, 20% used [0x00000000d0000000,0x00000000d6b22ef8,0x00000000f0000000)
 Metaspace       used 72942K, capacity 78224K, committed 78464K, reserved 1116160K
  class space    used 9607K, capacity 11018K, committed 11136K, reserved 1048576K
}

